#
# A fatal error has been detected by the Java Runtime Environment:
#
#  Internal Error (javaClasses.cpp:136), pid=5136, tid=4444
#  fatal error: Invalid layout of preloaded class
#
# JRE version:  (7.0_67-b01) (build )
# Java VM: Java HotSpot(TM) Client VM (24.65-b04 mixed mode windows-x86 )
# Failed to write core dump. Minidumps are not enabled by default on client versions of Windows
#
# If you would like to submit a bug report, please visit:
#   http://bugreport.sun.com/bugreport/crash.jsp
#

---------------  T H R E A D  ---------------

Current thread (0x0043c400):  JavaThread "Unknown thread" [_thread_in_vm, id=4444, stack(0x022e0000,0x02330000)]

Stack: [0x022e0000,0x02330000],  sp=0x0232fa10,  free space=318k
Native frames: (J=compiled Java code, j=interpreted, Vv=VM code, C=native code)
V  [jvm.dll+0x190494]
V  [jvm.dll+0x18a116]
V  [jvm.dll+0x35d7a]
V  [jvm.dll+0x35e06]
V  [jvm.dll+0x4465d]
V  [jvm.dll+0x4490e]
V  [jvm.dll+0x92f8a]
V  [jvm.dll+0x9333b]
V  [jvm.dll+0x13fa31]
V  [jvm.dll+0x1626fc]
V  [jvm.dll+0xc9d6f]
C  [javaw.exe+0x13ce]
C  [javaw.exe+0x1e40]
C  [javaw.exe+0xa601]
C  [javaw.exe+0xa68b]
C  [kernel32.dll+0x1338a]
C  [ntdll.dll+0x39f72]
C  [ntdll.dll+0x39f45]


---------------  P R O C E S S  ---------------

Java Threads: ( => current thread )

Other Threads:

=>0x0043c400 (exited) JavaThread "Unknown thread" [_thread_in_vm, id=4444, stack(0x022e0000,0x02330000)]

VM state:not at safepoint (not fully initialized)

VM Mutex/Monitor currently owned by a thread: None

GC Heap History (0 events):
No events

Deoptimization events (0 events):
No events

Internal exceptions (0 events):
No events

Events (10 events):
Event: 0.023 loading class 0x005590e0
Event: 0.023 loading class 0x005590e0 done
Event: 0.023 loading class 0x00559120
Event: 0.023 loading class 0x00559690
Event: 0.024 loading class 0x00559690 done
Event: 0.024 loading class 0x0055f2a0
Event: 0.024 loading class 0x0055f2a0 done
Event: 0.024 loading class 0x00559120 done
Event: 0.024 loading class 0x00559100
Event: 0.024 loading class 0x00559100 done


Dynamic libraries:
0x00240000 - 0x0026f000 	C:\Program Files (x86)\Java\jre7\bin\javaw.exe
0x77be0000 - 0x77d60000 	C:\Windows\SysWOW64\ntdll.dll
0x76aa0000 - 0x76bb0000 	C:\Windows\syswow64\kernel32.dll
0x77440000 - 0x77487000 	C:\Windows\syswow64\KERNELBASE.dll
0x759d0000 - 0x75a70000 	C:\Windows\syswow64\ADVAPI32.DLL
0x75bf0000 - 0x75c9c000 	C:\Windows\syswow64\msvcrt.dll
0x75640000 - 0x75659000 	C:\Windows\SysWOW64\sechost.dll
0x76d40000 - 0x76e30000 	C:\Windows\syswow64\RPCRT4.dll
0x755e0000 - 0x75640000 	C:\Windows\syswow64\SspiCli.dll
0x755d0000 - 0x755dc000 	C:\Windows\syswow64\CRYPTBASE.dll
0x75a70000 - 0x75b70000 	C:\Windows\syswow64\USER32.dll
0x75d80000 - 0x75e10000 	C:\Windows\syswow64\GDI32.dll
0x75920000 - 0x7592a000 	C:\Windows\syswow64\LPK.dll
0x77010000 - 0x770ad000 	C:\Windows\syswow64\USP10.dll
0x71b40000 - 0x71cde000 	C:\Windows\WinSxS\x86_microsoft.windows.common-controls_6595b64144ccf1df_6.0.7601.17514_none_41e6975e2bd6f2b2\COMCTL32.dll
0x75cf0000 - 0x75d47000 	C:\Windows\syswow64\SHLWAPI.dll
0x76bb0000 - 0x76c10000 	C:\Windows\system32\IMM32.DLL
0x76f00000 - 0x76fcc000 	C:\Windows\syswow64\MSCTF.dll
0x58e20000 - 0x58edf000 	C:\Program Files (x86)\Java\jre7\bin\msvcr100.dll
0x60000000 - 0x60388000 	C:\Program Files (x86)\Java\jre7\bin\client\jvm.dll
0x724c0000 - 0x724c7000 	C:\Windows\system32\WSOCK32.dll
0x76e50000 - 0x76e85000 	C:\Windows\syswow64\WS2_32.dll
0x76e30000 - 0x76e36000 	C:\Windows\syswow64\NSI.dll
0x739b0000 - 0x739e2000 	C:\Windows\system32\WINMM.dll
0x75910000 - 0x75915000 	C:\Windows\syswow64\PSAPI.DLL
0x6db60000 - 0x6db6c000 	C:\Program Files (x86)\Java\jre7\bin\verify.dll
0x6a610000 - 0x6a630000 	C:\Program Files (x86)\Java\jre7\bin\java.dll
0x69c20000 - 0x69c33000 	C:\Program Files (x86)\Java\jre7\bin\zip.dll
0x589b0000 - 0x58a9b000 	C:\Windows\system32\dbghelp.dll

VM Arguments:
jvm_args: -Dfile.encoding=Cp1252 -Xbootclasspath:C:\Program Files (x86)\leJOS NXJ\lib\nxt\classes.jar 
java_command: org.eclipse.jdt.internal.junit.runner.RemoteTestRunner -version 3 -port 53724 -testLoaderClass org.eclipse.jdt.internal.junit4.runner.JUnit4TestLoader -loaderpluginname org.eclipse.jdt.junit4.runtime -classNames robot.tests.DrawingRobotTester
Launcher Type: SUN_STANDARD

Environment Variables:
PATH=C:/Program Files (x86)/Java/jre7/bin/client;C:/Program Files (x86)/Java/jre7/bin;C:/Program Files (x86)/Java/jre7/lib/i386;C:\ProgramData\Oracle\Java\javapath;M2;C:\Windows\system32;C:\Windows;C:\Windows\System32\Wbem;C:\Windows\System32\WindowsPowerShell\v1.0\;c:\Program Files (x86)\Microsoft SQL Server\100\Tools\Binn\;c:\Program Files\Microsoft SQL Server\100\Tools\Binn\;c:\Program Files\Microsoft SQL Server\100\DTS\Binn\;C:\Program Files (x86)\IVI Foundation\VISA\WinNT\Bin;JAVE_HOME\bin;C:\Program Files (x86)\leJOS NXJ\bin;C:\32 bit eclipse\eclipse;
USERNAME=vgar7399
OS=Windows_NT
PROCESSOR_IDENTIFIER=Intel64 Family 6 Model 42 Stepping 7, GenuineIntel



---------------  S Y S T E M  ---------------

OS: Windows 7 , 64 bit Build 7601 Service Pack 1

CPU:total 4 (2 cores per cpu, 2 threads per core) family 6 model 42 stepping 7, cmov, cx8, fxsr, mmx, sse, sse2, sse3, ssse3, sse4.1, sse4.2, popcnt, avx, ht, tsc, tscinvbit

Memory: 4k page, physical 4079632k(1738984k free), swap 8157400k(5649544k free)

vm_info: Java HotSpot(TM) Client VM (24.65-b04) for windows-x86 JRE (1.7.0_67-b01), built on Jul 25 2014 10:20:53 by "java_re" with unknown MS VC++:1600

time: Fri Dec 12 13:17:49 2014
elapsed time: 0 seconds

